SF:/home/max/spaceBattle/SpaceBattle.Lib/Angle.cs
FN:4,System.Int32 SpaceBattle.Lib.Angle::get_numerator()
FNDA:54,System.Int32 SpaceBattle.Lib.Angle::get_numerator()
DA:5,54
FN:5,System.Int32 SpaceBattle.Lib.Angle::get_denominator()
FNDA:64,System.Int32 SpaceBattle.Lib.Angle::get_denominator()
DA:6,64
FN:19,System.Int32 SpaceBattle.Lib.Angle::NOD(System.Int32,System.Int32)
FNDA:35,System.Int32 SpaceBattle.Lib.Angle::NOD(System.Int32,System.Int32)
DA:20,35
DA:21,2214
DA:22,2179
DA:23,2179
DA:24,2176
DA:26,3
DA:27,2179
DA:28,35
DA:29,35
BRDA:21,34,1,2179
BRDA:23,10,0,2176
BRDA:23,10,1,3
BRDA:21,34,0,35
FN:31,SpaceBattle.Lib.Angle SpaceBattle.Lib.Angle::op_Addition(SpaceBattle.Lib.Angle,SpaceBattle.Lib.Angle)
FNDA:6,SpaceBattle.Lib.Angle SpaceBattle.Lib.Angle::op_Addition(SpaceBattle.Lib.Angle,SpaceBattle.Lib.Angle)
DA:32,6
DA:33,6
DA:34,6
DA:35,6
DA:36,6
DA:37,6
FN:38,System.Boolean SpaceBattle.Lib.Angle::op_Equality(SpaceBattle.Lib.Angle,SpaceBattle.Lib.Angle)
FNDA:1,System.Boolean SpaceBattle.Lib.Angle::op_Equality(SpaceBattle.Lib.Angle,SpaceBattle.Lib.Angle)
DA:39,1
BRDA:39,12,0,0
BRDA:39,12,1,1
FN:40,System.Boolean SpaceBattle.Lib.Angle::op_Inequality(SpaceBattle.Lib.Angle,SpaceBattle.Lib.Angle)
FNDA:0,System.Boolean SpaceBattle.Lib.Angle::op_Inequality(SpaceBattle.Lib.Angle,SpaceBattle.Lib.Angle)
DA:41,0
FN:42,System.Boolean SpaceBattle.Lib.Angle::Equals(System.Object)
FNDA:4,System.Boolean SpaceBattle.Lib.Angle::Equals(System.Object)
DA:43,4
BRDA:43,8,0,4
BRDA:43,22,0,4
BRDA:43,8,1,0
BRDA:43,22,1,0
FN:44,System.Int32 SpaceBattle.Lib.Angle::GetHashCode()
FNDA:4,System.Int32 SpaceBattle.Lib.Angle::GetHashCode()
DA:45,4
FN:7,System.Void SpaceBattle.Lib.Angle::.ctor(System.Int32,System.Int32)
FNDA:29,System.Void SpaceBattle.Lib.Angle::.ctor(System.Int32,System.Int32)
DA:8,29
DA:9,29
DA:10,29
DA:11,1
DA:12,1
DA:15,28
DA:16,28
DA:17,28
DA:18,28
BRDA:10,14,0,1
BRDA:10,14,1,28
LF:30
LH:29
BRF:12
BRH:9
FNF:9
FNH:8
end_of_record
SF:/home/max/spaceBattle/SpaceBattle.Lib/rotate/RotateCommand.cs
FN:11,System.Void SpaceBattle.Lib.RotateCommand::Execute()
FNDA:4,System.Void SpaceBattle.Lib.RotateCommand::Execute()
DA:12,4
DA:13,4
DA:14,1
FN:5,System.Void SpaceBattle.Lib.RotateCommand::.ctor(SpaceBattle.Lib.IRotatable)
FNDA:4,System.Void SpaceBattle.Lib.RotateCommand::.ctor(SpaceBattle.Lib.IRotatable)
DA:6,4
DA:7,4
DA:8,4
DA:9,4
LF:7
LH:7
BRF:0
BRH:0
FNF:2
FNH:2
end_of_record