SF:/home/ubuntu/Game/SpaceGame/SpaceBattle.Lib/Move/MoveCommand.cs
FN:9,System.Void SpaceBattle.Lib.MoveCommand::Execute()
FNDA:4,System.Void SpaceBattle.Lib.MoveCommand::Execute()
DA:10,4
DA:11,4
DA:12,1
FN:4,System.Void SpaceBattle.Lib.MoveCommand::.ctor(SpaceBattle.Lib.IMovable)
FNDA:4,System.Void SpaceBattle.Lib.MoveCommand::.ctor(SpaceBattle.Lib.IMovable)
DA:5,4
DA:6,4
DA:7,4
DA:8,4
LF:7
LH:7
BRF:0
BRH:0
FNF:2
FNH:2
end_of_record
SF:/home/ubuntu/Game/SpaceGame/SpaceBattle.Lib/Vector.cs
FN:11,System.Int32 SpaceBattle.Lib.Vector::get_Item(System.Int32)
FNDA:8,System.Int32 SpaceBattle.Lib.Vector::get_Item(System.Int32)
DA:12,8
DA:13,8
DA:14,8
FN:16,SpaceBattle.Lib.Vector SpaceBattle.Lib.Vector::op_Addition(SpaceBattle.Lib.Vector,SpaceBattle.Lib.Vector)
FNDA:2,SpaceBattle.Lib.Vector SpaceBattle.Lib.Vector::op_Addition(SpaceBattle.Lib.Vector,SpaceBattle.Lib.Vector)
DA:17,2
DA:18,2
DA:19,0
DA:20,2
DA:21,2
DA:22,12
DA:23,4
DA:24,2
DA:26,2
BRDA:18,20,0,0
BRDA:18,20,1,2
BRDA:22,78,1,4
BRDA:22,78,0,2
FN:26,SpaceBattle.Lib.Vector SpaceBattle.Lib.Vector::op_Subtraction(SpaceBattle.Lib.Vector,SpaceBattle.Lib.Vector)
FNDA:0,SpaceBattle.Lib.Vector SpaceBattle.Lib.Vector::op_Subtraction(SpaceBattle.Lib.Vector,SpaceBattle.Lib.Vector)
DA:27,0
DA:28,0
DA:29,0
DA:30,0
DA:31,0
DA:32,0
DA:33,0
DA:34,0
DA:36,0
BRDA:28,20,0,0
BRDA:28,20,1,0
BRDA:32,78,1,0
BRDA:32,78,0,0
FN:37,SpaceBattle.Lib.Vector SpaceBattle.Lib.Vector::op_Multiply(System.Int32,SpaceBattle.Lib.Vector)
FNDA:0,SpaceBattle.Lib.Vector SpaceBattle.Lib.Vector::op_Multiply(System.Int32,SpaceBattle.Lib.Vector)
DA:38,0
DA:39,0
DA:40,0
DA:41,0
DA:42,0
DA:43,0
BRDA:40,44,1,0
BRDA:40,44,0,0
FN:44,System.Boolean SpaceBattle.Lib.Vector::op_Equality(SpaceBattle.Lib.Vector,SpaceBattle.Lib.Vector)
FNDA:0,System.Boolean SpaceBattle.Lib.Vector::op_Equality(SpaceBattle.Lib.Vector,SpaceBattle.Lib.Vector)
DA:45,0
DA:46,0
DA:47,0
DA:48,0
DA:50,0
DA:51,0
DA:52,0
DA:53,0
BRDA:46,20,0,0
BRDA:46,20,1,0
BRDA:50,76,1,0
BRDA:51,55,0,0
BRDA:51,55,1,0
BRDA:50,76,0,0
FN:53,System.Boolean SpaceBattle.Lib.Vector::op_Inequality(SpaceBattle.Lib.Vector,SpaceBattle.Lib.Vector)
FNDA:0,System.Boolean SpaceBattle.Lib.Vector::op_Inequality(SpaceBattle.Lib.Vector,SpaceBattle.Lib.Vector)
DA:54,0
DA:55,0
DA:56,0
FN:85,System.Boolean SpaceBattle.Lib.Vector::Equals(System.Object)
FNDA:1,System.Boolean SpaceBattle.Lib.Vector::Equals(System.Object)
DA:86,1
BRDA:86,8,0,1
BRDA:86,8,1,0
FN:87,System.Int32 SpaceBattle.Lib.Vector::GetHashCode()
FNDA:0,System.Int32 SpaceBattle.Lib.Vector::GetHashCode()
DA:88,0
FN:5,System.Void SpaceBattle.Lib.Vector::.ctor(System.Int32[])
FNDA:9,System.Void SpaceBattle.Lib.Vector::.ctor(System.Int32[])
DA:6,9
DA:7,18
DA:8,9
DA:9,9
DA:10,9
LF:45
LH:17
BRF:18
BRH:4
FNF:9
FNH:4
end_of_record